{"/Users/luistellez/Library/Mobile Documents/com~apple~CloudDocs/Documents/Proyectos/general-store-frontend/src/components/Features/Features.jsx": {"path":"/Users/luistellez/Library/Mobile Documents/com~apple~CloudDocs/Documents/Proyectos/general-store-frontend/src/components/Features/Features.jsx","statementMap":{"0":{"start":{"line":50,"column":24},"end":{"line":50,"column":null}},"1":{"start":{"line":8,"column":7},"end":{"line":8,"column":null}},"2":{"start":{"line":9,"column":53},"end":{"line":9,"column":null}},"3":{"start":{"line":10,"column":17},"end":{"line":29,"column":null}},"4":{"start":{"line":31,"column":18},"end":{"line":48,"column":null}},"5":{"start":{"line":31,"column":43},"end":{"line":48,"column":null}},"6":{"start":{"line":51,"column":29},"end":{"line":51,"column":null}},"7":{"start":{"line":52,"column":19},"end":{"line":54,"column":null}},"8":{"start":{"line":53,"column":4},"end":{"line":54,"column":null}}},"fnMap":{"0":{"name":"(anonymous_1)","decl":{"start":{"line":31,"column":31},"end":{"line":31,"column":32}},"loc":{"start":{"line":31,"column":43},"end":{"line":48,"column":null}}},"1":{"name":"FeaturesCards","decl":{"start":{"line":50,"column":24},"end":{"line":50,"column":null}},"loc":{"start":{"line":50,"column":24},"end":{"line":82,"column":null}}},"2":{"name":"(anonymous_3)","decl":{"start":{"line":52,"column":32},"end":{"line":52,"column":33}},"loc":{"start":{"line":53,"column":4},"end":{"line":54,"column":null}}}},"branchMap":{"0":{"loc":{"start":{"line":34,"column":6},"end":{"line":34,"column":80}},"type":"cond-expr","locations":[{"start":{"line":34,"column":37},"end":{"line":34,"column":57}},{"start":{"line":34,"column":60},"end":{"line":34,"column":80}}]}},"s":{"0":6,"1":1,"2":1,"3":1,"4":1,"5":6,"6":6,"7":6,"8":18},"f":{"0":6,"1":6,"2":18},"b":{"0":[0,6]}}
,"/Users/luistellez/Library/Mobile Documents/com~apple~CloudDocs/Documents/Proyectos/general-store-frontend/src/components/Hero/Hero.jsx": {"path":"/Users/luistellez/Library/Mobile Documents/com~apple~CloudDocs/Documents/Proyectos/general-store-frontend/src/components/Hero/Hero.jsx","statementMap":{"0":{"start":{"line":101,"column":24},"end":{"line":101,"column":null}},"1":{"start":{"line":9,"column":7},"end":{"line":9,"column":null}},"2":{"start":{"line":11,"column":18},"end":{"line":99,"column":null}},"3":{"start":{"line":11,"column":43},"end":{"line":99,"column":null}},"4":{"start":{"line":102,"column":26},"end":{"line":102,"column":null}}},"fnMap":{"0":{"name":"(anonymous_1)","decl":{"start":{"line":11,"column":31},"end":{"line":11,"column":32}},"loc":{"start":{"line":11,"column":43},"end":{"line":99,"column":null}}},"1":{"name":"HeroImageBackground","decl":{"start":{"line":101,"column":24},"end":{"line":101,"column":null}},"loc":{"start":{"line":101,"column":24},"end":{"line":130,"column":null}}}},"branchMap":{},"s":{"0":6,"1":1,"2":1,"3":6,"4":6},"f":{"0":6,"1":6},"b":{}}
,"/Users/luistellez/Library/Mobile Documents/com~apple~CloudDocs/Documents/Proyectos/general-store-frontend/src/components/ProductCard/ProductCard.jsx": {"path":"/Users/luistellez/Library/Mobile Documents/com~apple~CloudDocs/Documents/Proyectos/general-store-frontend/src/components/ProductCard/ProductCard.jsx","statementMap":{"0":{"start":{"line":4,"column":24},"end":{"line":4,"column":36}},"1":{"start":{"line":1,"column":18},"end":{"line":1,"column":null}},"2":{"start":{"line":2,"column":55},"end":{"line":2,"column":null}},"3":{"start":{"line":11,"column":26},"end":{"line":18,"column":null}},"4":{"start":{"line":12,"column":17},"end":{"line":16,"column":null}},"5":{"start":{"line":17,"column":4},"end":{"line":17,"column":null}}},"fnMap":{"0":{"name":"ProductCard","decl":{"start":{"line":4,"column":24},"end":{"line":4,"column":36}},"loc":{"start":{"line":10,"column":1},"end":{"line":64,"column":null}}},"1":{"name":"(anonymous_3)","decl":{"start":{"line":11,"column":26},"end":{"line":11,"column":null}},"loc":{"start":{"line":11,"column":26},"end":{"line":18,"column":null}}}},"branchMap":{"0":{"loc":{"start":{"line":28,"column":9},"end":{"line":28,"column":null}},"type":"binary-expr","locations":[{"start":{"line":28,"column":9},"end":{"line":28,"column":null}}]}},"s":{"0":0,"1":1,"2":1,"3":0,"4":0,"5":0},"f":{"0":0,"1":0},"b":{"0":[0]}}
,"/Users/luistellez/Library/Mobile Documents/com~apple~CloudDocs/Documents/Proyectos/general-store-frontend/src/components/ProductDisplay/ProductDisplay.jsx": {"path":"/Users/luistellez/Library/Mobile Documents/com~apple~CloudDocs/Documents/Proyectos/general-store-frontend/src/components/ProductDisplay/ProductDisplay.jsx","statementMap":{"0":{"start":{"line":8,"column":24},"end":{"line":8,"column":39}},"1":{"start":{"line":1,"column":55},"end":{"line":1,"column":null}},"2":{"start":{"line":2,"column":19},"end":{"line":2,"column":null}},"3":{"start":{"line":3,"column":39},"end":{"line":3,"column":null}},"4":{"start":{"line":4,"column":24},"end":{"line":4,"column":null}},"5":{"start":{"line":5,"column":32},"end":{"line":5,"column":null}},"6":{"start":{"line":6,"column":28},"end":{"line":6,"column":null}},"7":{"start":{"line":9,"column":38},"end":{"line":9,"column":null}},"8":{"start":{"line":10,"column":34},"end":{"line":10,"column":null}},"9":{"start":{"line":11,"column":32},"end":{"line":11,"column":null}},"10":{"start":{"line":12,"column":28},"end":{"line":12,"column":null}},"11":{"start":{"line":14,"column":2},"end":{"line":27,"column":null}},"12":{"start":{"line":15,"column":4},"end":{"line":26,"column":null}},"13":{"start":{"line":18,"column":26},"end":{"line":18,"column":null}},"14":{"start":{"line":20,"column":8},"end":{"line":20,"column":null}},"15":{"start":{"line":21,"column":8},"end":{"line":21,"column":null}},"16":{"start":{"line":24,"column":8},"end":{"line":24,"column":null}},"17":{"start":{"line":25,"column":8},"end":{"line":25,"column":null}},"18":{"start":{"line":29,"column":26},"end":{"line":32,"column":null}},"19":{"start":{"line":30,"column":4},"end":{"line":30,"column":null}},"20":{"start":{"line":30,"column":39},"end":{"line":30,"column":null}},"21":{"start":{"line":31,"column":4},"end":{"line":31,"column":null}},"22":{"start":{"line":34,"column":2},"end":{"line":36,"column":null}},"23":{"start":{"line":38,"column":2},"end":{"line":40,"column":null}},"24":{"start":{"line":50,"column":12},"end":{"line":51,"column":null}},"25":{"start":{"line":56,"column":33},"end":{"line":56,"column":null}}},"fnMap":{"0":{"name":"ProductDisplay","decl":{"start":{"line":8,"column":24},"end":{"line":8,"column":39}},"loc":{"start":{"line":8,"column":65},"end":{"line":64,"column":null}}},"1":{"name":"(anonymous_6)","decl":{"start":{"line":14,"column":12},"end":{"line":14,"column":null}},"loc":{"start":{"line":14,"column":12},"end":{"line":27,"column":5}}},"2":{"name":"(anonymous_7)","decl":{"start":{"line":18,"column":12},"end":{"line":18,"column":13}},"loc":{"start":{"line":18,"column":26},"end":{"line":18,"column":null}}},"3":{"name":"(anonymous_8)","decl":{"start":{"line":19,"column":12},"end":{"line":19,"column":13}},"loc":{"start":{"line":19,"column":13},"end":{"line":22,"column":null}}},"4":{"name":"(anonymous_9)","decl":{"start":{"line":23,"column":13},"end":{"line":23,"column":14}},"loc":{"start":{"line":23,"column":14},"end":{"line":26,"column":null}}},"5":{"name":"(anonymous_10)","decl":{"start":{"line":29,"column":26},"end":{"line":29,"column":27}},"loc":{"start":{"line":29,"column":27},"end":{"line":32,"column":null}}},"6":{"name":"(anonymous_11)","decl":{"start":{"line":30,"column":17},"end":{"line":30,"column":18}},"loc":{"start":{"line":30,"column":39},"end":{"line":30,"column":null}}},"7":{"name":"(anonymous_12)","decl":{"start":{"line":49,"column":24},"end":{"line":49,"column":25}},"loc":{"start":{"line":50,"column":12},"end":{"line":51,"column":null}}},"8":{"name":"(anonymous_13)","decl":{"start":{"line":56,"column":27},"end":{"line":56,"column":33}},"loc":{"start":{"line":56,"column":33},"end":{"line":56,"column":null}}}},"branchMap":{"0":{"loc":{"start":{"line":34,"column":2},"end":{"line":36,"column":null}},"type":"if","locations":[{"start":{"line":34,"column":2},"end":{"line":36,"column":null}}]},"1":{"loc":{"start":{"line":38,"column":2},"end":{"line":40,"column":null}},"type":"if","locations":[{"start":{"line":38,"column":2},"end":{"line":40,"column":null}}]}},"s":{"0":6,"1":1,"2":1,"3":1,"4":1,"5":1,"6":1,"7":6,"8":6,"9":6,"10":6,"11":6,"12":6,"13":0,"14":0,"15":0,"16":0,"17":0,"18":6,"19":0,"20":0,"21":0,"22":6,"23":0,"24":0,"25":0},"f":{"0":6,"1":6,"2":0,"3":0,"4":0,"5":0,"6":0,"7":0,"8":0},"b":{"0":[6],"1":[0]}}
,"/Users/luistellez/Library/Mobile Documents/com~apple~CloudDocs/Documents/Proyectos/general-store-frontend/src/components/ShoppingCart/ShoppingCart.jsx": {"path":"/Users/luistellez/Library/Mobile Documents/com~apple~CloudDocs/Documents/Proyectos/general-store-frontend/src/components/ShoppingCart/ShoppingCart.jsx","statementMap":{"0":{"start":{"line":16,"column":24},"end":{"line":16,"column":44}},"1":{"start":{"line":1,"column":37},"end":{"line":1,"column":null}},"2":{"start":{"line":11,"column":7},"end":{"line":11,"column":null}},"3":{"start":{"line":12,"column":47},"end":{"line":12,"column":null}},"4":{"start":{"line":13,"column":17},"end":{"line":13,"column":null}},"5":{"start":{"line":14,"column":28},"end":{"line":14,"column":null}},"6":{"start":{"line":17,"column":54},"end":{"line":17,"column":null}},"7":{"start":{"line":18,"column":40},"end":{"line":18,"column":null}},"8":{"start":{"line":19,"column":34},"end":{"line":19,"column":null}},"9":{"start":{"line":22,"column":4},"end":{"line":22,"column":null}},"10":{"start":{"line":23,"column":4},"end":{"line":23,"column":null}},"11":{"start":{"line":27,"column":22},"end":{"line":27,"column":null}},"12":{"start":{"line":27,"column":52},"end":{"line":27,"column":null}},"13":{"start":{"line":29,"column":4},"end":{"line":37,"column":null}},"14":{"start":{"line":30,"column":31},"end":{"line":30,"column":null}},"15":{"start":{"line":31,"column":6},"end":{"line":35,"column":null}},"16":{"start":{"line":32,"column":8},"end":{"line":32,"column":null}},"17":{"start":{"line":34,"column":8},"end":{"line":34,"column":null}},"18":{"start":{"line":36,"column":6},"end":{"line":36,"column":null}},"19":{"start":{"line":41,"column":22},"end":{"line":41,"column":null}},"20":{"start":{"line":41,"column":52},"end":{"line":41,"column":null}},"21":{"start":{"line":43,"column":4},"end":{"line":47,"column":null}},"22":{"start":{"line":44,"column":31},"end":{"line":44,"column":null}},"23":{"start":{"line":45,"column":6},"end":{"line":45,"column":null}},"24":{"start":{"line":46,"column":6},"end":{"line":46,"column":null}},"25":{"start":{"line":50,"column":25},"end":{"line":50,"column":29}},"26":{"start":{"line":53,"column":2},"end":{"line":61,"column":null}},"27":{"start":{"line":54,"column":4},"end":{"line":60,"column":null}},"28":{"start":{"line":55,"column":6},"end":{"line":59,"column":null}},"29":{"start":{"line":56,"column":8},"end":{"line":56,"column":null}},"30":{"start":{"line":58,"column":8},"end":{"line":58,"column":null}},"31":{"start":{"line":64,"column":21},"end":{"line":66,"column":null}},"32":{"start":{"line":65,"column":59},"end":{"line":65,"column":72}},"33":{"start":{"line":67,"column":21},"end":{"line":69,"column":null}},"34":{"start":{"line":68,"column":38},"end":{"line":68,"column":56}},"35":{"start":{"line":90,"column":33},"end":{"line":90,"column":57}},"36":{"start":{"line":91,"column":25},"end":{"line":91,"column":null}},"37":{"start":{"line":91,"column":50},"end":{"line":91,"column":null}},"38":{"start":{"line":93,"column":12},"end":{"line":94,"column":36}},"39":{"start":{"line":122,"column":37},"end":{"line":122,"column":null}},"40":{"start":{"line":135,"column":37},"end":{"line":135,"column":null}},"41":{"start":{"line":146,"column":24},"end":{"line":146,"column":null}},"42":{"start":{"line":147,"column":24},"end":{"line":147,"column":null}},"43":{"start":{"line":175,"column":23},"end":{"line":175,"column":null}},"44":{"start":{"line":184,"column":27},"end":{"line":184,"column":null}}},"fnMap":{"0":{"name":"ShoppingCartSidebar","decl":{"start":{"line":16,"column":24},"end":{"line":16,"column":44}},"loc":{"start":{"line":16,"column":66},"end":{"line":196,"column":null}}},"1":{"name":"handleRemoveItem","decl":{"start":{"line":21,"column":11},"end":{"line":21,"column":null}},"loc":{"start":{"line":21,"column":11},"end":{"line":24,"column":null}}},"2":{"name":"handleDecreaseCount","decl":{"start":{"line":26,"column":11},"end":{"line":26,"column":31}},"loc":{"start":{"line":26,"column":39},"end":{"line":38,"column":null}}},"3":{"name":"(anonymous_5)","decl":{"start":{"line":27,"column":42},"end":{"line":27,"column":43}},"loc":{"start":{"line":27,"column":52},"end":{"line":27,"column":null}}},"4":{"name":"handleIncreaseCount","decl":{"start":{"line":40,"column":11},"end":{"line":40,"column":31}},"loc":{"start":{"line":40,"column":39},"end":{"line":48,"column":null}}},"5":{"name":"(anonymous_7)","decl":{"start":{"line":41,"column":42},"end":{"line":41,"column":43}},"loc":{"start":{"line":41,"column":52},"end":{"line":41,"column":null}}},"6":{"name":"(anonymous_8)","decl":{"start":{"line":54,"column":22},"end":{"line":54,"column":23}},"loc":{"start":{"line":54,"column":23},"end":{"line":60,"column":null}}},"7":{"name":"(anonymous_9)","decl":{"start":{"line":65,"column":43},"end":{"line":65,"column":44}},"loc":{"start":{"line":65,"column":59},"end":{"line":65,"column":72}}},"8":{"name":"(anonymous_10)","decl":{"start":{"line":68,"column":23},"end":{"line":68,"column":24}},"loc":{"start":{"line":68,"column":38},"end":{"line":68,"column":56}}},"9":{"name":"(anonymous_11)","decl":{"start":{"line":89,"column":42},"end":{"line":89,"column":43}},"loc":{"start":{"line":89,"column":43},"end":{"line":156,"column":null}}},"10":{"name":"(anonymous_12)","decl":{"start":{"line":91,"column":40},"end":{"line":91,"column":41}},"loc":{"start":{"line":91,"column":50},"end":{"line":91,"column":null}}},"11":{"name":"(anonymous_13)","decl":{"start":{"line":122,"column":31},"end":{"line":122,"column":37}},"loc":{"start":{"line":122,"column":37},"end":{"line":122,"column":null}}},"12":{"name":"(anonymous_14)","decl":{"start":{"line":135,"column":31},"end":{"line":135,"column":37}},"loc":{"start":{"line":135,"column":37},"end":{"line":135,"column":null}}},"13":{"name":"(anonymous_15)","decl":{"start":{"line":145,"column":31},"end":{"line":145,"column":null}},"loc":{"start":{"line":145,"column":31},"end":{"line":148,"column":null}}},"14":{"name":"(anonymous_16)","decl":{"start":{"line":175,"column":17},"end":{"line":175,"column":23}},"loc":{"start":{"line":175,"column":23},"end":{"line":175,"column":null}}},"15":{"name":"(anonymous_17)","decl":{"start":{"line":184,"column":21},"end":{"line":184,"column":27}},"loc":{"start":{"line":184,"column":27},"end":{"line":184,"column":null}}}},"branchMap":{"0":{"loc":{"start":{"line":29,"column":4},"end":{"line":37,"column":null}},"type":"if","locations":[{"start":{"line":29,"column":4},"end":{"line":37,"column":null}}]},"1":{"loc":{"start":{"line":31,"column":6},"end":{"line":35,"column":null}},"type":"if","locations":[{"start":{"line":31,"column":6},"end":{"line":35,"column":null}},{"start":{"line":33,"column":13},"end":{"line":35,"column":null}}]},"2":{"loc":{"start":{"line":43,"column":4},"end":{"line":47,"column":null}},"type":"if","locations":[{"start":{"line":43,"column":4},"end":{"line":47,"column":null}}]},"3":{"loc":{"start":{"line":53,"column":2},"end":{"line":61,"column":null}},"type":"if","locations":[{"start":{"line":53,"column":2},"end":{"line":61,"column":null}}]},"4":{"loc":{"start":{"line":55,"column":6},"end":{"line":59,"column":null}},"type":"if","locations":[{"start":{"line":55,"column":6},"end":{"line":59,"column":null}},{"start":{"line":57,"column":13},"end":{"line":59,"column":null}}]},"5":{"loc":{"start":{"line":64,"column":21},"end":{"line":66,"column":null}},"type":"cond-expr","locations":[{"start":{"line":65,"column":6},"end":{"line":65,"column":null}},{"start":{"line":66,"column":6},"end":{"line":66,"column":null}}]},"6":{"loc":{"start":{"line":67,"column":21},"end":{"line":69,"column":null}},"type":"cond-expr","locations":[{"start":{"line":68,"column":6},"end":{"line":68,"column":null}},{"start":{"line":69,"column":6},"end":{"line":69,"column":null}}]},"7":{"loc":{"start":{"line":84,"column":9},"end":{"line":156,"column":null}},"type":"cond-expr","locations":[{"start":{"line":85,"column":10},"end":{"line":89,"column":17}},{"start":{"line":89,"column":10},"end":{"line":156,"column":null}}]}},"s":{"0":0,"1":1,"2":1,"3":1,"4":1,"5":1,"6":0,"7":0,"8":0,"9":0,"10":0,"11":0,"12":0,"13":0,"14":0,"15":0,"16":0,"17":0,"18":0,"19":0,"20":0,"21":0,"22":0,"23":0,"24":0,"25":0,"26":0,"27":0,"28":0,"29":0,"30":0,"31":0,"32":0,"33":0,"34":0,"35":0,"36":0,"37":0,"38":0,"39":0,"40":0,"41":0,"42":0,"43":0,"44":0},"f":{"0":0,"1":0,"2":0,"3":0,"4":0,"5":0,"6":0,"7":0,"8":0,"9":0,"10":0,"11":0,"12":0,"13":0,"14":0,"15":0},"b":{"0":[0],"1":[0,0],"2":[0],"3":[0],"4":[0,0],"5":[0,0],"6":[0,0],"7":[0,0]}}
,"/Users/luistellez/Library/Mobile Documents/com~apple~CloudDocs/Documents/Proyectos/general-store-frontend/src/contexts/CartContext.js": {"path":"/Users/luistellez/Library/Mobile Documents/com~apple~CloudDocs/Documents/Proyectos/general-store-frontend/src/contexts/CartContext.js","statementMap":{"0":{"start":{"line":3,"column":13},"end":{"line":3,"column":24}},"1":{"start":{"line":5,"column":13},"end":{"line":5,"column":25}},"2":{"start":{"line":1,"column":47},"end":{"line":1,"column":null}},"3":{"start":{"line":3,"column":27},"end":{"line":3,"column":null}},"4":{"start":{"line":5,"column":28},"end":{"line":35,"column":null}},"5":{"start":{"line":6,"column":36},"end":{"line":6,"column":null}},"6":{"start":{"line":8,"column":20},"end":{"line":10,"column":null}},"7":{"start":{"line":9,"column":4},"end":{"line":9,"column":null}},"8":{"start":{"line":9,"column":32},"end":{"line":9,"column":null}},"9":{"start":{"line":12,"column":25},"end":{"line":16,"column":null}},"10":{"start":{"line":13,"column":4},"end":{"line":14,"column":null}},"11":{"start":{"line":14,"column":6},"end":{"line":14,"column":null}},"12":{"start":{"line":14,"column":33},"end":{"line":14,"column":null}},"13":{"start":{"line":18,"column":20},"end":{"line":20,"column":null}},"14":{"start":{"line":19,"column":4},"end":{"line":19,"column":null}}},"fnMap":{"0":{"name":"(anonymous_6)","decl":{"start":{"line":5,"column":28},"end":{"line":5,"column":29}},"loc":{"start":{"line":5,"column":41},"end":{"line":35,"column":null}}},"1":{"name":"(anonymous_7)","decl":{"start":{"line":8,"column":20},"end":{"line":8,"column":21}},"loc":{"start":{"line":8,"column":21},"end":{"line":10,"column":null}}},"2":{"name":"(anonymous_8)","decl":{"start":{"line":9,"column":17},"end":{"line":9,"column":18}},"loc":{"start":{"line":9,"column":32},"end":{"line":9,"column":null}}},"3":{"name":"(anonymous_9)","decl":{"start":{"line":12,"column":25},"end":{"line":12,"column":26}},"loc":{"start":{"line":12,"column":26},"end":{"line":16,"column":null}}},"4":{"name":"(anonymous_10)","decl":{"start":{"line":13,"column":17},"end":{"line":13,"column":18}},"loc":{"start":{"line":14,"column":6},"end":{"line":14,"column":null}}},"5":{"name":"(anonymous_11)","decl":{"start":{"line":14,"column":23},"end":{"line":14,"column":24}},"loc":{"start":{"line":14,"column":33},"end":{"line":14,"column":null}}},"6":{"name":"(anonymous_12)","decl":{"start":{"line":18,"column":20},"end":{"line":18,"column":null}},"loc":{"start":{"line":18,"column":20},"end":{"line":20,"column":null}}}},"branchMap":{},"s":{"0":20,"1":0,"2":2,"3":2,"4":2,"5":0,"6":0,"7":0,"8":0,"9":0,"10":0,"11":0,"12":0,"13":0,"14":0},"f":{"0":0,"1":0,"2":0,"3":0,"4":0,"5":0,"6":0},"b":{}}
,"/Users/luistellez/Library/Mobile Documents/com~apple~CloudDocs/Documents/Proyectos/general-store-frontend/src/pages/checkout.js": {"path":"/Users/luistellez/Library/Mobile Documents/com~apple~CloudDocs/Documents/Proyectos/general-store-frontend/src/pages/checkout.js","statementMap":{"0":{"start":{"line":6,"column":24},"end":{"line":6,"column":null}},"1":{"start":{"line":1,"column":37},"end":{"line":1,"column":null}},"2":{"start":{"line":2,"column":61},"end":{"line":2,"column":null}},"3":{"start":{"line":3,"column":26},"end":{"line":3,"column":null}},"4":{"start":{"line":4,"column":28},"end":{"line":4,"column":null}},"5":{"start":{"line":7,"column":38},"end":{"line":7,"column":null}},"6":{"start":{"line":9,"column":26},"end":{"line":9,"column":null}},"7":{"start":{"line":10,"column":32},"end":{"line":10,"column":null}},"8":{"start":{"line":11,"column":40},"end":{"line":11,"column":null}},"9":{"start":{"line":12,"column":34},"end":{"line":12,"column":null}},"10":{"start":{"line":14,"column":27},"end":{"line":17,"column":null}},"11":{"start":{"line":15,"column":4},"end":{"line":15,"column":null}},"12":{"start":{"line":16,"column":4},"end":{"line":16,"column":null}},"13":{"start":{"line":19,"column":30},"end":{"line":23,"column":null}},"14":{"start":{"line":20,"column":25},"end":{"line":20,"column":null}},"15":{"start":{"line":20,"column":52},"end":{"line":20,"column":null}},"16":{"start":{"line":21,"column":4},"end":{"line":21,"column":null}},"17":{"start":{"line":22,"column":4},"end":{"line":22,"column":null}},"18":{"start":{"line":25,"column":29},"end":{"line":27,"column":null}},"19":{"start":{"line":26,"column":4},"end":{"line":26,"column":null}},"20":{"start":{"line":29,"column":25},"end":{"line":47,"column":null}},"21":{"start":{"line":31,"column":4},"end":{"line":33,"column":null}},"22":{"start":{"line":32,"column":6},"end":{"line":32,"column":null}},"23":{"start":{"line":36,"column":18},"end":{"line":40,"column":null}},"24":{"start":{"line":43,"column":4},"end":{"line":43,"column":null}},"25":{"start":{"line":46,"column":4},"end":{"line":46,"column":null}},"26":{"start":{"line":58,"column":10},"end":{"line":58,"column":33}},"27":{"start":{"line":86,"column":33},"end":{"line":86,"column":null}},"28":{"start":{"line":99,"column":46},"end":{"line":99,"column":66}},"29":{"start":{"line":107,"column":31},"end":{"line":107,"column":null}},"30":{"start":{"line":117,"column":31},"end":{"line":117,"column":null}}},"fnMap":{"0":{"name":"Checkout","decl":{"start":{"line":6,"column":24},"end":{"line":6,"column":null}},"loc":{"start":{"line":6,"column":24},"end":{"line":157,"column":null}}},"1":{"name":"(anonymous_2)","decl":{"start":{"line":14,"column":27},"end":{"line":14,"column":28}},"loc":{"start":{"line":14,"column":28},"end":{"line":17,"column":null}}},"2":{"name":"(anonymous_3)","decl":{"start":{"line":19,"column":30},"end":{"line":19,"column":null}},"loc":{"start":{"line":19,"column":30},"end":{"line":23,"column":null}}},"3":{"name":"(anonymous_4)","decl":{"start":{"line":20,"column":42},"end":{"line":20,"column":43}},"loc":{"start":{"line":20,"column":52},"end":{"line":20,"column":null}}},"4":{"name":"(anonymous_5)","decl":{"start":{"line":25,"column":29},"end":{"line":25,"column":null}},"loc":{"start":{"line":25,"column":29},"end":{"line":27,"column":null}}},"5":{"name":"(anonymous_6)","decl":{"start":{"line":29,"column":25},"end":{"line":29,"column":null}},"loc":{"start":{"line":29,"column":25},"end":{"line":47,"column":null}}},"6":{"name":"(anonymous_7)","decl":{"start":{"line":57,"column":22},"end":{"line":57,"column":23}},"loc":{"start":{"line":58,"column":10},"end":{"line":58,"column":33}}},"7":{"name":"(anonymous_8)","decl":{"start":{"line":86,"column":27},"end":{"line":86,"column":33}},"loc":{"start":{"line":86,"column":33},"end":{"line":86,"column":null}}},"8":{"name":"(anonymous_9)","decl":{"start":{"line":99,"column":29},"end":{"line":99,"column":30}},"loc":{"start":{"line":99,"column":46},"end":{"line":99,"column":66}}},"9":{"name":"(anonymous_10)","decl":{"start":{"line":107,"column":20},"end":{"line":107,"column":21}},"loc":{"start":{"line":107,"column":31},"end":{"line":107,"column":null}}},"10":{"name":"(anonymous_11)","decl":{"start":{"line":117,"column":20},"end":{"line":117,"column":21}},"loc":{"start":{"line":117,"column":31},"end":{"line":117,"column":null}}}},"branchMap":{"0":{"loc":{"start":{"line":31,"column":4},"end":{"line":33,"column":null}},"type":"if","locations":[{"start":{"line":31,"column":4},"end":{"line":33,"column":null}}]},"1":{"loc":{"start":{"line":31,"column":8},"end":{"line":31,"column":27}},"type":"binary-expr","locations":[{"start":{"line":31,"column":8},"end":{"line":31,"column":17}},{"start":{"line":31,"column":17},"end":{"line":31,"column":27}}]},"2":{"loc":{"start":{"line":52,"column":7},"end":{"line":58,"column":33}},"type":"cond-expr","locations":[{"start":{"line":53,"column":8},"end":{"line":57,"column":18}},{"start":{"line":57,"column":8},"end":{"line":58,"column":33}}]}},"s":{"0":4,"1":1,"2":1,"3":1,"4":1,"5":4,"6":4,"7":4,"8":4,"9":4,"10":4,"11":0,"12":0,"13":4,"14":0,"15":0,"16":0,"17":0,"18":4,"19":0,"20":4,"21":0,"22":0,"23":0,"24":0,"25":0,"26":8,"27":0,"28":8,"29":0,"30":0},"f":{"0":4,"1":0,"2":0,"3":0,"4":0,"5":0,"6":8,"7":0,"8":8,"9":0,"10":0},"b":{"0":[0],"1":[0,0],"2":[0,4]}}
,"/Users/luistellez/Library/Mobile Documents/com~apple~CloudDocs/Documents/Proyectos/general-store-frontend/src/pages/index.js": {"path":"/Users/luistellez/Library/Mobile Documents/com~apple~CloudDocs/Documents/Proyectos/general-store-frontend/src/pages/index.js","statementMap":{"0":{"start":{"line":7,"column":24},"end":{"line":7,"column":null}},"1":{"start":{"line":1,"column":17},"end":{"line":1,"column":null}},"2":{"start":{"line":2,"column":17},"end":{"line":2,"column":null}},"3":{"start":{"line":3,"column":21},"end":{"line":3,"column":null}},"4":{"start":{"line":4,"column":27},"end":{"line":4,"column":null}},"5":{"start":{"line":5,"column":25},"end":{"line":5,"column":null}},"6":{"start":{"line":8,"column":36},"end":{"line":8,"column":null}},"7":{"start":{"line":9,"column":36},"end":{"line":9,"column":null}},"8":{"start":{"line":12,"column":4},"end":{"line":12,"column":null}}},"fnMap":{"0":{"name":"Home","decl":{"start":{"line":7,"column":24},"end":{"line":7,"column":null}},"loc":{"start":{"line":7,"column":24},"end":{"line":38,"column":null}}},"1":{"name":"toggleCart","decl":{"start":{"line":11,"column":11},"end":{"line":11,"column":null}},"loc":{"start":{"line":11,"column":11},"end":{"line":13,"column":null}}}},"branchMap":{},"s":{"0":6,"1":1,"2":1,"3":1,"4":1,"5":1,"6":7,"7":6,"8":0},"f":{"0":7,"1":0},"b":{}}
}
