TN:
SF:src/components/Features/Features.jsx
FN:31,(anonymous_1)
FN:50,FeaturesCards
FN:52,(anonymous_3)
FNF:3
FNH:3
FNDA:6,(anonymous_1)
FNDA:6,FeaturesCards
FNDA:18,(anonymous_3)
DA:8,1
DA:9,1
DA:10,1
DA:31,6
DA:50,6
DA:51,6
DA:52,6
DA:53,18
LF:8
LH:8
BRDA:34,0,0,0
BRDA:34,0,1,6
BRF:2
BRH:1
end_of_record
TN:
SF:src/components/Hero/Hero.jsx
FN:11,(anonymous_1)
FN:101,HeroImageBackground
FNF:2
FNH:2
FNDA:6,(anonymous_1)
FNDA:6,HeroImageBackground
DA:9,1
DA:11,6
DA:101,6
DA:102,6
LF:4
LH:4
BRF:0
BRH:0
end_of_record
TN:
SF:src/components/ProductCard/ProductCard.jsx
FN:4,ProductCard
FN:11,(anonymous_3)
FNF:2
FNH:0
FNDA:0,ProductCard
FNDA:0,(anonymous_3)
DA:1,1
DA:2,1
DA:4,0
DA:11,0
DA:12,0
DA:17,0
LF:6
LH:2
BRDA:28,0,0,0
BRF:1
BRH:0
end_of_record
TN:
SF:src/components/ProductDisplay/ProductDisplay.jsx
FN:8,ProductDisplay
FN:14,(anonymous_6)
FN:18,(anonymous_7)
FN:19,(anonymous_8)
FN:23,(anonymous_9)
FN:29,(anonymous_10)
FN:30,(anonymous_11)
FN:49,(anonymous_12)
FN:56,(anonymous_13)
FNF:9
FNH:2
FNDA:6,ProductDisplay
FNDA:6,(anonymous_6)
FNDA:0,(anonymous_7)
FNDA:0,(anonymous_8)
FNDA:0,(anonymous_9)
FNDA:0,(anonymous_10)
FNDA:0,(anonymous_11)
FNDA:0,(anonymous_12)
FNDA:0,(anonymous_13)
DA:1,1
DA:2,1
DA:3,1
DA:4,1
DA:5,1
DA:6,1
DA:8,6
DA:9,6
DA:10,6
DA:11,6
DA:12,6
DA:14,6
DA:15,6
DA:18,0
DA:20,0
DA:21,0
DA:24,0
DA:25,0
DA:29,6
DA:30,0
DA:31,0
DA:34,6
DA:38,0
DA:50,0
DA:56,0
LF:25
LH:15
BRDA:34,0,0,6
BRDA:38,1,0,0
BRF:2
BRH:1
end_of_record
TN:
SF:src/components/ShoppingCart/ShoppingCart.jsx
FN:16,ShoppingCartSidebar
FN:21,handleRemoveItem
FN:26,handleDecreaseCount
FN:27,(anonymous_5)
FN:40,handleIncreaseCount
FN:41,(anonymous_7)
FN:54,(anonymous_8)
FN:65,(anonymous_9)
FN:68,(anonymous_10)
FN:89,(anonymous_11)
FN:91,(anonymous_12)
FN:122,(anonymous_13)
FN:135,(anonymous_14)
FN:145,(anonymous_15)
FN:175,(anonymous_16)
FN:184,(anonymous_17)
FNF:16
FNH:0
FNDA:0,ShoppingCartSidebar
FNDA:0,handleRemoveItem
FNDA:0,handleDecreaseCount
FNDA:0,(anonymous_5)
FNDA:0,handleIncreaseCount
FNDA:0,(anonymous_7)
FNDA:0,(anonymous_8)
FNDA:0,(anonymous_9)
FNDA:0,(anonymous_10)
FNDA:0,(anonymous_11)
FNDA:0,(anonymous_12)
FNDA:0,(anonymous_13)
FNDA:0,(anonymous_14)
FNDA:0,(anonymous_15)
FNDA:0,(anonymous_16)
FNDA:0,(anonymous_17)
DA:1,1
DA:11,1
DA:12,1
DA:13,1
DA:14,1
DA:16,0
DA:17,0
DA:18,0
DA:19,0
DA:22,0
DA:23,0
DA:27,0
DA:29,0
DA:30,0
DA:31,0
DA:32,0
DA:34,0
DA:36,0
DA:41,0
DA:43,0
DA:44,0
DA:45,0
DA:46,0
DA:50,0
DA:53,0
DA:54,0
DA:55,0
DA:56,0
DA:58,0
DA:64,0
DA:65,0
DA:67,0
DA:68,0
DA:90,0
DA:91,0
DA:93,0
DA:122,0
DA:135,0
DA:146,0
DA:147,0
DA:175,0
DA:184,0
LF:42
LH:5
BRDA:29,0,0,0
BRDA:31,1,0,0
BRDA:31,1,1,0
BRDA:43,2,0,0
BRDA:53,3,0,0
BRDA:55,4,0,0
BRDA:55,4,1,0
BRDA:64,5,0,0
BRDA:64,5,1,0
BRDA:67,6,0,0
BRDA:67,6,1,0
BRDA:84,7,0,0
BRDA:84,7,1,0
BRF:13
BRH:0
end_of_record
TN:
SF:src/contexts/CartContext.js
FN:5,(anonymous_6)
FN:8,(anonymous_7)
FN:9,(anonymous_8)
FN:12,(anonymous_9)
FN:13,(anonymous_10)
FN:14,(anonymous_11)
FN:18,(anonymous_12)
FNF:7
FNH:0
FNDA:0,(anonymous_6)
FNDA:0,(anonymous_7)
FNDA:0,(anonymous_8)
FNDA:0,(anonymous_9)
FNDA:0,(anonymous_10)
FNDA:0,(anonymous_11)
FNDA:0,(anonymous_12)
DA:1,2
DA:3,20
DA:5,2
DA:6,0
DA:8,0
DA:9,0
DA:12,0
DA:13,0
DA:14,0
DA:18,0
DA:19,0
LF:11
LH:3
BRF:0
BRH:0
end_of_record
TN:
SF:src/pages/checkout.js
FN:6,Checkout
FN:14,(anonymous_2)
FN:19,(anonymous_3)
FN:20,(anonymous_4)
FN:25,(anonymous_5)
FN:29,(anonymous_6)
FN:57,(anonymous_7)
FN:86,(anonymous_8)
FN:99,(anonymous_9)
FN:107,(anonymous_10)
FN:117,(anonymous_11)
FNF:11
FNH:3
FNDA:4,Checkout
FNDA:0,(anonymous_2)
FNDA:0,(anonymous_3)
FNDA:0,(anonymous_4)
FNDA:0,(anonymous_5)
FNDA:0,(anonymous_6)
FNDA:8,(anonymous_7)
FNDA:0,(anonymous_8)
FNDA:8,(anonymous_9)
FNDA:0,(anonymous_10)
FNDA:0,(anonymous_11)
DA:1,1
DA:2,1
DA:3,1
DA:4,1
DA:6,4
DA:7,4
DA:9,4
DA:10,4
DA:11,4
DA:12,4
DA:14,4
DA:15,0
DA:16,0
DA:19,4
DA:20,0
DA:21,0
DA:22,0
DA:25,4
DA:26,0
DA:29,4
DA:31,0
DA:32,0
DA:36,0
DA:43,0
DA:46,0
DA:58,8
DA:86,0
DA:99,8
DA:107,0
DA:117,0
LF:30
LH:16
BRDA:31,0,0,0
BRDA:31,1,0,0
BRDA:31,1,1,0
BRDA:52,2,0,0
BRDA:52,2,1,4
BRF:5
BRH:1
end_of_record
TN:
SF:src/pages/index.js
FN:7,Home
FN:11,toggleCart
FNF:2
FNH:1
FNDA:7,Home
FNDA:0,toggleCart
DA:1,1
DA:2,1
DA:3,1
DA:4,1
DA:5,1
DA:7,6
DA:8,7
DA:9,6
DA:12,0
LF:9
LH:8
BRF:0
BRH:0
end_of_record
